2025/12/09 22:23:22.716793 [DEBUG] go-toolery/loggerx/log.go:82 1
2025/12/09 22:23:22.716925 [INFO] go-toolery/loggerx/log.go:121 1
2025/12/09 22:23:22.716933 [ERROR] go-toolery/loggerx/log.go:140 1
	loggerx/test/main.go:20
	loggerx/test/main.go:12
	loggerx/test/main.go:8
	src/runtime/proc.go:285
	src/runtime/asm_arm64.s:1268
2025/12/09 22:24:24.167787 [DEBUG] go-toolery/loggerx/log.go:82 1
2025/12/09 22:24:24.167944 [INFO] go-toolery/loggerx/log.go:121 1
2025/12/09 22:24:24.167961 [ERROR] go-toolery/loggerx/log.go:140 1
	
	
	
	
	
	loggerx/test/main.go:20
	loggerx/test/main.go:12
	loggerx/test/main.go:8
	src/runtime/proc.go:285
	src/runtime/asm_arm64.s:1268
2025/12/09 22:24:35.650355 [DEBUG] go-toolery/loggerx/log.go:82 1
2025/12/09 22:24:35.650420 [INFO] go-toolery/loggerx/log.go:121 1
2025/12/09 22:24:35.650427 [ERROR] go-toolery/loggerx/log.go:140 1
	loggerx/test/main.go:20
	loggerx/test/main.go:12
	loggerx/test/main.go:8
	src/runtime/proc.go:285
	src/runtime/asm_arm64.s:1268
